
Showing logs for build [32mcarlossg-environment-jx-rocks-u-7h4xl-1[0m stage [32mfrom-build-pack[0m and container [32mstep-credential-initializer-ftchg[0m
{"level":"warn","ts":1575537609.430062,"logger":"fallback-logger","caller":"logging/config.go:69","msg":"Fetch GitHub commit ID from kodata failed: \"ref: refs/heads/master\" is not a valid GitHub commit ID"}
{"level":"info","ts":1575537609.432601,"logger":"fallback-logger","caller":"creds-init/main.go:40","msg":"Credentials initialized."}

Showing logs for build [32mcarlossg-environment-jx-rocks-u-7h4xl-1[0m stage [32mfrom-build-pack[0m and container [32mstep-working-dir-initializer-czmcx[0m
{"level":"warn","ts":1575537610.3261998,"logger":"fallback-logger","caller":"logging/config.go:69","msg":"Fetch GitHub commit ID from kodata failed: open /var/run/ko/HEAD: no such file or directory"}
{"level":"info","ts":1575537610.3279476,"logger":"fallback-logger","caller":"bash/main.go:65","msg":"Successfully executed command \"mkdir -p /workspace/source\""}

Showing logs for build [32mcarlossg-environment-jx-rocks-u-7h4xl-1[0m stage [32mfrom-build-pack[0m and container [32mstep-place-tools[0m

Showing logs for build [32mcarlossg-environment-jx-rocks-u-7h4xl-1[0m stage [32mfrom-build-pack[0m and container [32mstep-git-source-carlossg-environment-jx-rocks-u-qlzcv[0m
{"level":"warn","ts":1575537643.3679857,"logger":"fallback-logger","caller":"logging/config.go:69","msg":"Fetch GitHub commit ID from kodata failed: \"ref: refs/heads/master\" is not a valid GitHub commit ID"}
{"level":"info","ts":1575537644.9132454,"logger":"fallback-logger","caller":"git/git.go:102","msg":"Successfully cloned https://github.com/********/environment-**-rocks-us-production.git @ master in path /workspace/source"}

Showing logs for build [32mcarlossg-environment-jx-rocks-u-7h4xl-1[0m stage [32mfrom-build-pack[0m and container [32mstep-git-merge[0m
Using SHAs from PULL_REFS=master:6c485b31d223b9f7d28a5992e4669721d302efb3,6:76ff9b1cfe7f24021d785cba055b26c732574b7d
DEBUG: ran git fetch --unshallow origin 76ff9b1cfe7f24021d785cba055b26c732574b7d: 6c485b31d223b9f7d28a5992e4669721d302efb3: in 
DEBUG: ran git checkout master in 
DEBUG: ran git reset --hard 6c485b31d223b9f7d28a5992e4669721d302efb3 in 
DEBUG: ran clean --force -d . in 
DEBUG: ran git merge 76ff9b1cfe7f24021d785cba055b26c732574b7d in 
Merged SHA 76ff9b1cfe7f24021d785cba055b26c732574b7d with commit message 'chore: Promote croc-hunter-java to version 0.0.76' into base branch master

Showing logs for build [32mcarlossg-environment-jx-rocks-u-7h4xl-1[0m stage [32mfrom-build-pack[0m and container [32mstep-build-helm-build[0m
WARNING: No $CHART_REPOSITORY defined so using the default value of: http://jenkins-x-chartmuseum:8080
Adding missing Helm repo: storage.googleapis.com https://storage.googleapis.com/chartmuseum.jenkins-x.io
Successfully added Helm repository storage.googleapis.com.
Adding missing Helm repo: jenkins-x-chartmuseum http://jenkins-x-chartmuseum:8080
Successfully added Helm repository jenkins-x-chartmuseum.
WARNING: No $CHART_REPOSITORY defined so using the default value of: http://jenkins-x-chartmuseum:8080
Adding missing Helm repo: chartmuseum.jenkins-x.io http://chartmuseum.jenkins-x.io
Successfully added Helm repository chartmuseum.jenkins-x.io.
