
Showing logs for build [32mcarlossg-environment-jx-rocks-u-2b4cd-1[0m stage [32mfrom-build-pack[0m and container [32mstep-credential-initializer-xtfz5[0m
{"level":"warn","ts":1573046617.576851,"logger":"fallback-logger","caller":"logging/config.go:69","msg":"Fetch GitHub commit ID from kodata failed: \"ref: refs/heads/master\" is not a valid GitHub commit ID"}
{"level":"info","ts":1573046617.5797222,"logger":"fallback-logger","caller":"creds-init/main.go:40","msg":"Credentials initialized."}

Showing logs for build [32mcarlossg-environment-jx-rocks-u-2b4cd-1[0m stage [32mfrom-build-pack[0m and container [32mstep-working-dir-initializer-7mdqs[0m
{"level":"warn","ts":1573046618.849186,"logger":"fallback-logger","caller":"logging/config.go:69","msg":"Fetch GitHub commit ID from kodata failed: open /var/run/ko/HEAD: no such file or directory"}
{"level":"info","ts":1573046618.8505175,"logger":"fallback-logger","caller":"bash/main.go:65","msg":"Successfully executed command \"mkdir -p /workspace/source\""}

Showing logs for build [32mcarlossg-environment-jx-rocks-u-2b4cd-1[0m stage [32mfrom-build-pack[0m and container [32mstep-place-tools[0m

Showing logs for build [32mcarlossg-environment-jx-rocks-u-2b4cd-1[0m stage [32mfrom-build-pack[0m and container [32mstep-git-source-carlossg-environment-jx-rocks-u-c7z92[0m
{"level":"warn","ts":1573046645.9505553,"logger":"fallback-logger","caller":"logging/config.go:69","msg":"Fetch GitHub commit ID from kodata failed: \"ref: refs/heads/master\" is not a valid GitHub commit ID"}
{"level":"info","ts":1573046646.306689,"logger":"fallback-logger","caller":"git/git.go:102","msg":"Successfully cloned https://github.com/********/environment-**-rocks-us-production.git @ master in path /workspace/source"}

Showing logs for build [32mcarlossg-environment-jx-rocks-u-2b4cd-1[0m stage [32mfrom-build-pack[0m and container [32mstep-git-merge[0m
Using SHAs from PULL_REFS=master:aa013271e8a946d6b95fcce76daf2d2be18b5dfc,3:3a1972e6af198fb4c24f12dc38ebc0db51f15bb2
DEBUG: ran git fetch --unshallow origin 3a1972e6af198fb4c24f12dc38ebc0db51f15bb2: aa013271e8a946d6b95fcce76daf2d2be18b5dfc: in 
DEBUG: ran git checkout master in 
DEBUG: ran git reset --hard aa013271e8a946d6b95fcce76daf2d2be18b5dfc in 
DEBUG: ran clean --force -d . in 
DEBUG: ran git merge 3a1972e6af198fb4c24f12dc38ebc0db51f15bb2 in 
Merged SHA 3a1972e6af198fb4c24f12dc38ebc0db51f15bb2 with commit message 'chore: Promote croc-hunter-java to version 0.0.74' into base branch master

Showing logs for build [32mcarlossg-environment-jx-rocks-u-2b4cd-1[0m stage [32mfrom-build-pack[0m and container [32mstep-build-helm-build[0m
WARNING: No $CHART_REPOSITORY defined so using the default value of: http://jenkins-x-chartmuseum:8080
Adding missing Helm repo: storage.googleapis.com https://storage.googleapis.com/chartmuseum.jenkins-x.io
Successfully added Helm repository storage.googleapis.com.
Adding missing Helm repo: jenkins-x-chartmuseum http://jenkins-x-chartmuseum:8080
Successfully added Helm repository jenkins-x-chartmuseum.
WARNING: No $CHART_REPOSITORY defined so using the default value of: http://jenkins-x-chartmuseum:8080
Adding missing Helm repo: chartmuseum.jenkins-x.io http://chartmuseum.jenkins-x.io
Successfully added Helm repository chartmuseum.jenkins-x.io.
