
Showing logs for build [32mcarlossg-environment-jx-rocks-u-gbsjk-1[0m stage [32mfrom-build-pack[0m and container [32mstep-credential-initializer-m2hwl[0m
{"level":"warn","ts":1575555661.3273835,"logger":"fallback-logger","caller":"logging/config.go:69","msg":"Fetch GitHub commit ID from kodata failed: \"ref: refs/heads/master\" is not a valid GitHub commit ID"}
{"level":"info","ts":1575555661.3285677,"logger":"fallback-logger","caller":"creds-init/main.go:40","msg":"Credentials initialized."}

Showing logs for build [32mcarlossg-environment-jx-rocks-u-gbsjk-1[0m stage [32mfrom-build-pack[0m and container [32mstep-working-dir-initializer-jf8g7[0m
{"level":"warn","ts":1575555662.278353,"logger":"fallback-logger","caller":"logging/config.go:69","msg":"Fetch GitHub commit ID from kodata failed: open /var/run/ko/HEAD: no such file or directory"}
{"level":"info","ts":1575555662.2798033,"logger":"fallback-logger","caller":"bash/main.go:65","msg":"Successfully executed command \"mkdir -p /workspace/source\""}

Showing logs for build [32mcarlossg-environment-jx-rocks-u-gbsjk-1[0m stage [32mfrom-build-pack[0m and container [32mstep-place-tools[0m

Showing logs for build [32mcarlossg-environment-jx-rocks-u-gbsjk-1[0m stage [32mfrom-build-pack[0m and container [32mstep-git-source-carlossg-environment-jx-rocks-u-4sddm[0m
{"level":"warn","ts":1575555667.4801733,"logger":"fallback-logger","caller":"logging/config.go:69","msg":"Fetch GitHub commit ID from kodata failed: \"ref: refs/heads/master\" is not a valid GitHub commit ID"}
{"level":"info","ts":1575555667.9018664,"logger":"fallback-logger","caller":"git/git.go:102","msg":"Successfully cloned https://github.com/********/environment-**-rocks-us-production.git @ master in path /workspace/source"}

Showing logs for build [32mcarlossg-environment-jx-rocks-u-gbsjk-1[0m stage [32mfrom-build-pack[0m and container [32mstep-git-merge[0m
Using SHAs from PULL_REFS=master:d03829dbdcfc465989d73c6250bc8d6c6db16e26,8:40333991db215fb9adda7399a2dfd89760cd3bf2
DEBUG: ran git fetch --unshallow origin 40333991db215fb9adda7399a2dfd89760cd3bf2: d03829dbdcfc465989d73c6250bc8d6c6db16e26: in 
DEBUG: ran git checkout master in 
DEBUG: ran git reset --hard d03829dbdcfc465989d73c6250bc8d6c6db16e26 in 
DEBUG: ran clean --force -d . in 
DEBUG: ran git merge 40333991db215fb9adda7399a2dfd89760cd3bf2 in 
Merged SHA 40333991db215fb9adda7399a2dfd89760cd3bf2 with commit message 'chore: Promote croc-hunter-java to version 0.0.76' into base branch master

Showing logs for build [32mcarlossg-environment-jx-rocks-u-gbsjk-1[0m stage [32mfrom-build-pack[0m and container [32mstep-build-helm-build[0m
WARNING: No $CHART_REPOSITORY defined so using the default value of: http://jenkins-x-chartmuseum:8080
Adding missing Helm repo: storage.googleapis.com https://storage.googleapis.com/chartmuseum.jenkins-x.io
Successfully added Helm repository storage.googleapis.com.
Adding missing Helm repo: jenkins-x-chartmuseum http://jenkins-x-chartmuseum:8080
Successfully added Helm repository jenkins-x-chartmuseum.
WARNING: No $CHART_REPOSITORY defined so using the default value of: http://jenkins-x-chartmuseum:8080
Adding missing Helm repo: chartmuseum.jenkins-x.io http://chartmuseum.jenkins-x.io
Successfully added Helm repository chartmuseum.jenkins-x.io.
