
Showing logs for build [32mcarlossg-environment-jx-rocks-u-ph7pq-2[0m stage [32mfrom-build-pack[0m and container [32mstep-credential-initializer-27k86[0m
{"level":"warn","ts":1572961001.683132,"logger":"fallback-logger","caller":"logging/config.go:69","msg":"Fetch GitHub commit ID from kodata failed: \"ref: refs/heads/master\" is not a valid GitHub commit ID"}
{"level":"info","ts":1572961001.6835468,"logger":"fallback-logger","caller":"creds-init/main.go:40","msg":"Credentials initialized."}

Showing logs for build [32mcarlossg-environment-jx-rocks-u-ph7pq-2[0m stage [32mfrom-build-pack[0m and container [32mstep-working-dir-initializer-djcs9[0m
{"level":"warn","ts":1572961002.0214055,"logger":"fallback-logger","caller":"logging/config.go:69","msg":"Fetch GitHub commit ID from kodata failed: open /var/run/ko/HEAD: no such file or directory"}
{"level":"info","ts":1572961002.0226817,"logger":"fallback-logger","caller":"bash/main.go:65","msg":"Successfully executed command \"mkdir -p /workspace/source\""}

Showing logs for build [32mcarlossg-environment-jx-rocks-u-ph7pq-2[0m stage [32mfrom-build-pack[0m and container [32mstep-place-tools[0m

Showing logs for build [32mcarlossg-environment-jx-rocks-u-ph7pq-2[0m stage [32mfrom-build-pack[0m and container [32mstep-git-source-carlossg-environment-jx-rocks-u-vkwb9[0m
{"level":"warn","ts":1572961007.202831,"logger":"fallback-logger","caller":"logging/config.go:69","msg":"Fetch GitHub commit ID from kodata failed: \"ref: refs/heads/master\" is not a valid GitHub commit ID"}
{"level":"info","ts":1572961007.5583198,"logger":"fallback-logger","caller":"git/git.go:102","msg":"Successfully cloned https://github.com/********/environment-**-rocks-us-production.git @ master in path /workspace/source"}

Showing logs for build [32mcarlossg-environment-jx-rocks-u-ph7pq-2[0m stage [32mfrom-build-pack[0m and container [32mstep-git-merge[0m
Using SHAs from PULL_REFS=master:8092d87c40b60424e8c1d0af64f7d9175a5e2dbb,2:78663d963bf364782c6fc3f88fa2c9f70882c445
DEBUG: ran git fetch --unshallow origin 78663d963bf364782c6fc3f88fa2c9f70882c445: 8092d87c40b60424e8c1d0af64f7d9175a5e2dbb: in 
DEBUG: ran git checkout master in 
DEBUG: ran git reset --hard 8092d87c40b60424e8c1d0af64f7d9175a5e2dbb in 
DEBUG: ran clean --force -d . in 
DEBUG: ran git merge 78663d963bf364782c6fc3f88fa2c9f70882c445 in 
Merged SHA 78663d963bf364782c6fc3f88fa2c9f70882c445 with commit message 'chore: Promote croc-hunter-java to version 0.0.73' into base branch master

Showing logs for build [32mcarlossg-environment-jx-rocks-u-ph7pq-2[0m stage [32mfrom-build-pack[0m and container [32mstep-build-helm-build[0m
WARNING: No $CHART_REPOSITORY defined so using the default value of: http://jenkins-x-chartmuseum:8080
Adding missing Helm repo: storage.googleapis.com https://storage.googleapis.com/chartmuseum.jenkins-x.io
Successfully added Helm repository storage.googleapis.com.
Adding missing Helm repo: jenkins-x-chartmuseum http://jenkins-x-chartmuseum:8080
Successfully added Helm repository jenkins-x-chartmuseum.
WARNING: No $CHART_REPOSITORY defined so using the default value of: http://jenkins-x-chartmuseum:8080
Adding missing Helm repo: chartmuseum.jenkins-x.io http://chartmuseum.jenkins-x.io
Successfully added Helm repository chartmuseum.jenkins-x.io.
