
Showing logs for build [32mcarlossg-environment-jx-rocks-u-fgb25-1[0m stage [32mfrom-build-pack[0m and container [32mstep-credential-initializer-462s2[0m
{"level":"warn","ts":1575554812.1326919,"logger":"fallback-logger","caller":"logging/config.go:69","msg":"Fetch GitHub commit ID from kodata failed: \"ref: refs/heads/master\" is not a valid GitHub commit ID"}
{"level":"info","ts":1575554812.1395822,"logger":"fallback-logger","caller":"creds-init/main.go:40","msg":"Credentials initialized."}

Showing logs for build [32mcarlossg-environment-jx-rocks-u-fgb25-1[0m stage [32mfrom-build-pack[0m and container [32mstep-working-dir-initializer-fp6hs[0m
{"level":"warn","ts":1575554814.5182498,"logger":"fallback-logger","caller":"logging/config.go:69","msg":"Fetch GitHub commit ID from kodata failed: open /var/run/ko/HEAD: no such file or directory"}
{"level":"info","ts":1575554814.520534,"logger":"fallback-logger","caller":"bash/main.go:65","msg":"Successfully executed command \"mkdir -p /workspace/source\""}

Showing logs for build [32mcarlossg-environment-jx-rocks-u-fgb25-1[0m stage [32mfrom-build-pack[0m and container [32mstep-place-tools[0m

Showing logs for build [32mcarlossg-environment-jx-rocks-u-fgb25-1[0m stage [32mfrom-build-pack[0m and container [32mstep-git-source-carlossg-environment-jx-rocks-u-6m4fb[0m
{"level":"warn","ts":1575554926.7367194,"logger":"fallback-logger","caller":"logging/config.go:69","msg":"Fetch GitHub commit ID from kodata failed: \"ref: refs/heads/master\" is not a valid GitHub commit ID"}
{"level":"info","ts":1575554927.0917258,"logger":"fallback-logger","caller":"git/git.go:102","msg":"Successfully cloned https://github.com/********/environment-**-rocks-us-production.git @ master in path /workspace/source"}

Showing logs for build [32mcarlossg-environment-jx-rocks-u-fgb25-1[0m stage [32mfrom-build-pack[0m and container [32mstep-git-merge[0m
Using SHAs from PULL_REFS=master:fa471abb13b1859517276aeda10b9a2d3591b061,7:db66ed679c24aa2e6a80e498d7a3ada28aa6047a
DEBUG: ran git fetch --unshallow origin db66ed679c24aa2e6a80e498d7a3ada28aa6047a: fa471abb13b1859517276aeda10b9a2d3591b061: in 
DEBUG: ran git checkout master in 
DEBUG: ran git reset --hard fa471abb13b1859517276aeda10b9a2d3591b061 in 
DEBUG: ran clean --force -d . in 
DEBUG: ran git merge db66ed679c24aa2e6a80e498d7a3ada28aa6047a in 
Merged SHA db66ed679c24aa2e6a80e498d7a3ada28aa6047a with commit message 'chore: Promote croc-hunter-java to version 0.0.78' into base branch master

Showing logs for build [32mcarlossg-environment-jx-rocks-u-fgb25-1[0m stage [32mfrom-build-pack[0m and container [32mstep-build-helm-build[0m
WARNING: No $CHART_REPOSITORY defined so using the default value of: http://jenkins-x-chartmuseum:8080
Adding missing Helm repo: storage.googleapis.com https://storage.googleapis.com/chartmuseum.jenkins-x.io
Successfully added Helm repository storage.googleapis.com.
Adding missing Helm repo: jenkins-x-chartmuseum http://jenkins-x-chartmuseum:8080
Successfully added Helm repository jenkins-x-chartmuseum.
WARNING: No $CHART_REPOSITORY defined so using the default value of: http://jenkins-x-chartmuseum:8080
Adding missing Helm repo: chartmuseum.jenkins-x.io http://chartmuseum.jenkins-x.io
Successfully added Helm repository chartmuseum.jenkins-x.io.
