
Showing logs for build [32mcarlossg-environment-jx-rocks-u-sx5mw-1[0m stage [32mfrom-build-pack[0m and container [32mstep-credential-initializer-rndxs[0m
{"level":"warn","ts":1572957721.4956071,"logger":"fallback-logger","caller":"logging/config.go:69","msg":"Fetch GitHub commit ID from kodata failed: \"ref: refs/heads/master\" is not a valid GitHub commit ID"}
{"level":"info","ts":1572957721.4970906,"logger":"fallback-logger","caller":"creds-init/main.go:40","msg":"Credentials initialized."}

Showing logs for build [32mcarlossg-environment-jx-rocks-u-sx5mw-1[0m stage [32mfrom-build-pack[0m and container [32mstep-working-dir-initializer-qlg96[0m
{"level":"warn","ts":1572957722.9278874,"logger":"fallback-logger","caller":"logging/config.go:69","msg":"Fetch GitHub commit ID from kodata failed: open /var/run/ko/HEAD: no such file or directory"}
{"level":"info","ts":1572957722.9304652,"logger":"fallback-logger","caller":"bash/main.go:65","msg":"Successfully executed command \"mkdir -p /workspace/source\""}

Showing logs for build [32mcarlossg-environment-jx-rocks-u-sx5mw-1[0m stage [32mfrom-build-pack[0m and container [32mstep-place-tools[0m

Showing logs for build [32mcarlossg-environment-jx-rocks-u-sx5mw-1[0m stage [32mfrom-build-pack[0m and container [32mstep-git-source-carlossg-environment-jx-rocks-u-cpk8k[0m
{"level":"warn","ts":1572957754.0475328,"logger":"fallback-logger","caller":"logging/config.go:69","msg":"Fetch GitHub commit ID from kodata failed: \"ref: refs/heads/master\" is not a valid GitHub commit ID"}
{"level":"info","ts":1572957754.4668763,"logger":"fallback-logger","caller":"git/git.go:102","msg":"Successfully cloned https://github.com/********/environment-**-rocks-us-production.git @ master in path /workspace/source"}

Showing logs for build [32mcarlossg-environment-jx-rocks-u-sx5mw-1[0m stage [32mfrom-build-pack[0m and container [32mstep-git-merge[0m
Using SHAs from PULL_REFS=master:6ec99c8e447e2a6b2d8c52a421f9f744c4c317e3,1:a4e3cf2a958d58c67a2985c7302342d351d685c2
DEBUG: ran git fetch --unshallow origin a4e3cf2a958d58c67a2985c7302342d351d685c2: 6ec99c8e447e2a6b2d8c52a421f9f744c4c317e3: in 
DEBUG: ran git checkout master in 
DEBUG: ran git reset --hard 6ec99c8e447e2a6b2d8c52a421f9f744c4c317e3 in 
DEBUG: ran clean --force -d . in 
DEBUG: ran git merge a4e3cf2a958d58c67a2985c7302342d351d685c2 in 
Merged SHA a4e3cf2a958d58c67a2985c7302342d351d685c2 with commit message 'chore: Promote croc-hunter-java to version 0.0.71' into base branch master

Showing logs for build [32mcarlossg-environment-jx-rocks-u-sx5mw-1[0m stage [32mfrom-build-pack[0m and container [32mstep-build-helm-build[0m
WARNING: No $CHART_REPOSITORY defined so using the default value of: http://jenkins-x-chartmuseum:8080
Adding missing Helm repo: storage.googleapis.com https://storage.googleapis.com/chartmuseum.jenkins-x.io
Successfully added Helm repository storage.googleapis.com.
Adding missing Helm repo: jenkins-x-chartmuseum http://jenkins-x-chartmuseum:8080
Successfully added Helm repository jenkins-x-chartmuseum.
WARNING: No $CHART_REPOSITORY defined so using the default value of: http://jenkins-x-chartmuseum:8080
Adding missing Helm repo: chartmuseum.jenkins-x.io http://chartmuseum.jenkins-x.io
Successfully added Helm repository chartmuseum.jenkins-x.io.
