
Showing logs for build [32mcarlossg-environment-jx-rocks-u-zbnps-2[0m stage [32mfrom-build-pack[0m and container [32mstep-credential-initializer-2l4b2[0m
{"level":"warn","ts":1580548196.2029936,"logger":"fallback-logger","caller":"logging/config.go:69","msg":"Fetch GitHub commit ID from kodata failed: \"ref: refs/heads/master\" is not a valid GitHub commit ID"}
{"level":"info","ts":1580548196.2037559,"logger":"fallback-logger","caller":"creds-init/main.go:40","msg":"Credentials initialized."}

Showing logs for build [32mcarlossg-environment-jx-rocks-u-zbnps-2[0m stage [32mfrom-build-pack[0m and container [32mstep-working-dir-initializer-trkj5[0m
{"level":"warn","ts":1580548196.6780777,"logger":"fallback-logger","caller":"logging/config.go:69","msg":"Fetch GitHub commit ID from kodata failed: open /var/run/ko/HEAD: no such file or directory"}
{"level":"info","ts":1580548196.6811466,"logger":"fallback-logger","caller":"bash/main.go:65","msg":"Successfully executed command \"mkdir -p /workspace/source\""}

Showing logs for build [32mcarlossg-environment-jx-rocks-u-zbnps-2[0m stage [32mfrom-build-pack[0m and container [32mstep-place-tools[0m

Showing logs for build [32mcarlossg-environment-jx-rocks-u-zbnps-2[0m stage [32mfrom-build-pack[0m and container [32mstep-git-source-carlossg-environment-jx-rocks-u-zbnps-swpkt[0m
{"level":"warn","ts":1580548202.736753,"logger":"fallback-logger","caller":"logging/config.go:69","msg":"Fetch GitHub commit ID from kodata failed: \"ref: refs/heads/master\" is not a valid GitHub commit ID"}
{"level":"info","ts":1580548203.0388236,"logger":"fallback-logger","caller":"git/git.go:102","msg":"Successfully cloned https://github.com/********/environment-**-rocks-us-production.git @ master in path /workspace/source"}

Showing logs for build [32mcarlossg-environment-jx-rocks-u-zbnps-2[0m stage [32mfrom-build-pack[0m and container [32mstep-git-merge[0m
Using SHAs from PULL_REFS=master:d03829dbdcfc465989d73c6250bc8d6c6db16e26,9:ac46662478553786f4b7bf9f431737e945626d68
DEBUG: LC_ALL=C JX_LOG_LEVEL=error git fetch origin --unshallow ac46662478553786f4b7bf9f431737e945626d68: d03829dbdcfc465989d73c6250bc8d6c6db16e26:
DEBUG: ran git fetch --unshallow origin ac46662478553786f4b7bf9f431737e945626d68: d03829dbdcfc465989d73c6250bc8d6c6db16e26: in 
DEBUG: LC_ALL=C JX_LOG_LEVEL=error git branch
DEBUG: LC_ALL=C JX_LOG_LEVEL=error git checkout master
DEBUG: ran git checkout master in 
DEBUG: JX_LOG_LEVEL=error LC_ALL=C git reset --hard d03829dbdcfc465989d73c6250bc8d6c6db16e26
DEBUG: ran git reset --hard d03829dbdcfc465989d73c6250bc8d6c6db16e26 in 
DEBUG: LC_ALL=C JX_LOG_LEVEL=error git clean -fd .
DEBUG: ran clean --force -d . in 
DEBUG: LC_ALL=C JX_LOG_LEVEL=error git merge ac46662478553786f4b7bf9f431737e945626d68
DEBUG: ran git merge ac46662478553786f4b7bf9f431737e945626d68 in 
DEBUG: LC_ALL=C JX_LOG_LEVEL=error git log --format=%H%x1f%an%x1f%ae%x1f%cn%x1f%ce%x1f%s%n%b%x1e d03829dbdcfc465989d73c6250bc8d6c6db16e26..HEAD
Merged SHA ac46662478553786f4b7bf9f431737e945626d68 with commit message 'chore: Promote croc-hunter-java to version 0.0.77' into base branch master

Showing logs for build [32mcarlossg-environment-jx-rocks-u-zbnps-2[0m stage [32mfrom-build-pack[0m and container [32mstep-build-helm-build[0m
WARNING: No $CHART_REPOSITORY defined so using the default value of: http://jenkins-x-chartmuseum:8080
Adding missing Helm repo: storage.googleapis.com https://storage.googleapis.com/chartmuseum.jenkins-x.io
Successfully added Helm repository storage.googleapis.com.
Adding missing Helm repo: jenkins-x-chartmuseum http://jenkins-x-chartmuseum:8080
Successfully added Helm repository jenkins-x-chartmuseum.
WARNING: No $CHART_REPOSITORY defined so using the default value of: http://jenkins-x-chartmuseum:8080
Adding missing Helm repo: chartmuseum.jenkins-x.io http://chartmuseum.jenkins-x.io
Successfully added Helm repository chartmuseum.jenkins-x.io.
