
Showing logs for build [32mcarlossg-environment-jx-rocks-u-pk7w4-1[0m stage [32mfrom-build-pack[0m and container [32mstep-credential-initializer-j5bql[0m
{"level":"warn","ts":1580646710.235073,"logger":"fallback-logger","caller":"logging/config.go:69","msg":"Fetch GitHub commit ID from kodata failed: \"ref: refs/heads/master\" is not a valid GitHub commit ID"}
{"level":"info","ts":1580646710.2355125,"logger":"fallback-logger","caller":"creds-init/main.go:40","msg":"Credentials initialized."}

Showing logs for build [32mcarlossg-environment-jx-rocks-u-pk7w4-1[0m stage [32mfrom-build-pack[0m and container [32mstep-working-dir-initializer-kpqld[0m
{"level":"warn","ts":1580646710.6926923,"logger":"fallback-logger","caller":"logging/config.go:69","msg":"Fetch GitHub commit ID from kodata failed: open /var/run/ko/HEAD: no such file or directory"}
{"level":"info","ts":1580646710.6938496,"logger":"fallback-logger","caller":"bash/main.go:65","msg":"Successfully executed command \"mkdir -p /workspace/source\""}

Showing logs for build [32mcarlossg-environment-jx-rocks-u-pk7w4-1[0m stage [32mfrom-build-pack[0m and container [32mstep-place-tools[0m

Showing logs for build [32mcarlossg-environment-jx-rocks-u-pk7w4-1[0m stage [32mfrom-build-pack[0m and container [32mstep-git-source-carlossg-environment-jx-rocks-u-pk7w4-bwjzz[0m
{"level":"warn","ts":1580646737.776112,"logger":"fallback-logger","caller":"logging/config.go:69","msg":"Fetch GitHub commit ID from kodata failed: \"ref: refs/heads/master\" is not a valid GitHub commit ID"}
{"level":"info","ts":1580646738.0445726,"logger":"fallback-logger","caller":"git/git.go:102","msg":"Successfully cloned https://github.com/********/environment-**-rocks-us-production.git @ master in path /workspace/source"}

Showing logs for build [32mcarlossg-environment-jx-rocks-u-pk7w4-1[0m stage [32mfrom-build-pack[0m and container [32mstep-git-merge[0m
Using SHAs from PULL_REFS=master:2fd2377305348988b04a3b6502e89533bdfe3be8,10:f5aeadfaf477e59b12e891e2a811dc94bce541db
DEBUG: LC_ALL=C JX_LOG_LEVEL=error git fetch origin --unshallow f5aeadfaf477e59b12e891e2a811dc94bce541db: 2fd2377305348988b04a3b6502e89533bdfe3be8:
DEBUG: ran git fetch --unshallow origin f5aeadfaf477e59b12e891e2a811dc94bce541db: 2fd2377305348988b04a3b6502e89533bdfe3be8: in 
DEBUG: LC_ALL=C JX_LOG_LEVEL=error git branch
DEBUG: LC_ALL=C JX_LOG_LEVEL=error git checkout master
DEBUG: ran git checkout master in 
DEBUG: LC_ALL=C JX_LOG_LEVEL=error git reset --hard 2fd2377305348988b04a3b6502e89533bdfe3be8
DEBUG: ran git reset --hard 2fd2377305348988b04a3b6502e89533bdfe3be8 in 
DEBUG: LC_ALL=C JX_LOG_LEVEL=error git clean -fd .
DEBUG: ran clean --force -d . in 
DEBUG: LC_ALL=C JX_LOG_LEVEL=error git merge f5aeadfaf477e59b12e891e2a811dc94bce541db
DEBUG: ran git merge f5aeadfaf477e59b12e891e2a811dc94bce541db in 
DEBUG: LC_ALL=C JX_LOG_LEVEL=error git log --format=%H%x1f%an%x1f%ae%x1f%cn%x1f%ce%x1f%s%n%b%x1e 2fd2377305348988b04a3b6502e89533bdfe3be8..HEAD
Merged SHA f5aeadfaf477e59b12e891e2a811dc94bce541db with commit message 'Update requirements.yaml' into base branch master

Showing logs for build [32mcarlossg-environment-jx-rocks-u-pk7w4-1[0m stage [32mfrom-build-pack[0m and container [32mstep-build-helm-build[0m
WARNING: No $CHART_REPOSITORY defined so using the default value of: http://jenkins-x-chartmuseum:8080
Adding missing Helm repo: storage.googleapis.com https://storage.googleapis.com/chartmuseum.jenkins-x.io
Successfully added Helm repository storage.googleapis.com.
Adding missing Helm repo: jenkins-x-chartmuseum http://jenkins-x-chartmuseum:8080
Successfully added Helm repository jenkins-x-chartmuseum.
WARNING: No $CHART_REPOSITORY defined so using the default value of: http://jenkins-x-chartmuseum:8080
Adding missing Helm repo: chartmuseum.jenkins-x.io http://chartmuseum.jenkins-x.io
Successfully added Helm repository chartmuseum.jenkins-x.io.
